<?xml version="1.0" encoding="UTF-8"?>
<!-- Generated by org.testng.reporters.JUnitReportReporter -->
<testsuite hostname="MSI" failures="1" tests="2" name="Runner.RunnerClass" time="18.619" errors="0" timestamp="2025-05-06T18:52:26 IST" skipped="0">
  <testcase classname="Runner.RunnerClass" name="runScenario" time="11.566">
    <failure type="java.lang.AssertionError">
      <![CDATA[java.lang.AssertionError
at org.junit.Assert.fail(Assert.java:87)
at org.junit.Assert.fail(Assert.java:96)
at StepDefinitions.UserRegistration.able_to_see_log_out_in_header_menu(UserRegistration.java:163)
at ✽.Able to see Log Out in header menu(file:///C:/Users/asife/eclipse-workspace/TestIngExcerciseAutomation/src/test/java/features/1.UserRegistration.feature:37)
]]>
    </failure>
  </testcase> <!-- runScenario -->
  <testcase classname="Runner.RunnerClass" name="runScenario" time="7.053"/>
</testsuite> <!-- Runner.RunnerClass -->
